<?xml version="1.0" encoding="UTF-8"?>
<!-- Generated by org.testng.reporters.JUnitReportReporter -->
<testsuite skipped="0" hostname="LP1-AP-51807597" name="com.java.practice.POMExample" tests="1" failures="0" timestamp="21 Aug 2019 12:27:38 GMT" time="9.160" errors="0">
  <testcase name="testClickJS" time="9.160" classname="com.java.practice.POMExample"/>
</testsuite> <!-- com.java.practice.POMExample -->
