<?xml version="1.0" encoding="UTF-8"?>
<!-- Generated by org.testng.reporters.JUnitReportReporter -->
<testsuite skipped="0" hostname="LP1-AP-51807597" name="com.selenium.testngtest.TestNGParallelTwo" tests="2" failures="0" timestamp="21 Aug 2019 11:09:48 GMT" time="0.008" errors="0">
  <testcase name="testtwo2" time="0.001" classname="com.selenium.testngtest.TestNGParallelTwo"/>
  <testcase name="testone2" time="0.007" classname="com.selenium.testngtest.TestNGParallelTwo"/>
</testsuite> <!-- com.selenium.testngtest.TestNGParallelTwo -->
