<?xml version="1.0" encoding="UTF-8"?>
<!-- Generated by org.testng.reporters.JUnitReportReporter -->
<testsuite skipped="0" hostname="LP1-AP-51807597" name="com.datatesting.test.Apache_POI_TC" tests="1" failures="0" timestamp="28 Aug 2019 10:31:22 GMT" time="1.155" errors="0">
  <testcase name="begintest" time="1.155" classname="com.datatesting.test.Apache_POI_TC"/>
</testsuite> <!-- com.datatesting.test.Apache_POI_TC -->
