<?xml version="1.0" encoding="UTF-8"?>
<!-- Generated by org.testng.reporters.JUnitReportReporter -->
<testsuite skipped="0" hostname="LP1-AP-51807597" name="com.selenium.testngtest.TestNGParallelOne" tests="2" failures="0" timestamp="21 Aug 2019 11:09:48 GMT" time="0.005" errors="0">
  <testcase name="testone" time="0.004" classname="com.selenium.testngtest.TestNGParallelOne"/>
  <testcase name="testtwo" time="0.001" classname="com.selenium.testngtest.TestNGParallelOne"/>
</testsuite> <!-- com.selenium.testngtest.TestNGParallelOne -->
