<?xml version="1.0" encoding="UTF-8"?>
<!-- Generated by org.testng.reporters.JUnitReportReporter -->
<testsuite skipped="0" hostname="LP1-AP-51807597" name="com.java.practice.TestM" tests="1" failures="0" timestamp="21 Aug 2019 09:10:23 GMT" time="7.991" errors="0">
  <testcase name="testa" time="7.991" classname="com.java.practice.TestM"/>
</testsuite> <!-- com.java.practice.TestM -->
