<?xml version="1.0" encoding="UTF-8"?>
<!-- Generated by org.testng.reporters.JUnitReportReporter -->
<testsuite skipped="0" hostname="LP1-AP-51807597" name="com.datatesting.DDFrame" tests="3" failures="0" timestamp="21 Aug 2019 10:38:56 GMT" time="2.025" errors="0">
  <testcase name="test" time="0.716" classname="com.datatesting.DDFrame"/>
  <testcase name="testc" time="0.635" classname="com.datatesting.DDFrame"/>
  <testcase name="testc" time="0.674" classname="com.datatesting.DDFrame"/>
</testsuite> <!-- com.datatesting.DDFrame -->
