<?xml version="1.0" encoding="UTF-8"?>
<!-- Generated by org.testng.reporters.JUnitReportReporter -->
<testsuite skipped="0" hostname="LP1-AP-51807597" name="TestNGParallelTwo" tests="2" failures="0" timestamp="30 Jul 2019 05:58:17 GMT" time="0.015" errors="0">
  <testcase name="testtwo2" time="0.002" classname="TestNGParallelTwo"/>
  <testcase name="testone2" time="0.013" classname="TestNGParallelTwo"/>
</testsuite> <!-- TestNGParallelTwo -->
