<?xml version="1.0" encoding="UTF-8"?>
<!-- Generated by org.testng.reporters.JUnitReportReporter -->
<testsuite skipped="0" hostname="LP1-AP-51807597" name="com.java.practice.TestNGParallelTwo" tests="2" failures="0" timestamp="30 Jul 2019 06:00:13 GMT" time="0.011" errors="0">
  <testcase name="testone2" time="0.010" classname="com.java.practice.TestNGParallelTwo"/>
  <testcase name="testtwo2" time="0.001" classname="com.java.practice.TestNGParallelTwo"/>
</testsuite> <!-- com.java.practice.TestNGParallelTwo -->
