<?xml version="1.0" encoding="UTF-8"?>
<!-- Generated by org.testng.reporters.JUnitReportReporter -->
<testsuite skipped="0" hostname="LP1-AP-51807597" name="com.datatesting.DataProvider_Parameter" tests="3" failures="0" timestamp="21 Aug 2019 12:23:30 GMT" time="1.789" errors="0">
  <testcase name="testc" time="0.545" classname="com.datatesting.DataProvider_Parameter"/>
  <testcase name="testc" time="0.680" classname="com.datatesting.DataProvider_Parameter"/>
  <testcase name="test" time="0.564" classname="com.datatesting.DataProvider_Parameter"/>
</testsuite> <!-- com.datatesting.DataProvider_Parameter -->
